[INFO ] 2024-04-15 15:33:51.108 [main] Log - I am in onStart method Login functionality
[INFO ] 2024-04-15 15:33:55.376 [main] Log - UserInformation test is starting.
[INFO ] 2024-04-15 15:34:18.882 [main] Log - I am in onStart method Login functionality
[INFO ] 2024-04-15 15:34:22.491 [main] Log - UserInformation test is starting.
[INFO ] 2024-04-15 15:34:29.277 [main] Log - UserInformation test is succeed.
[INFO ] 2024-04-15 15:34:29.285 [main] Log - doLogIn test is starting.
[INFO ] 2024-04-15 15:34:41.119 [main] Log - doLogIn test is failed.
[INFO ] 2024-04-15 15:34:41.415 [main] Log - doLogIn test is failed.
[INFO ] 2024-04-15 15:34:41.692 [main] Log - I am in onFinish method Login functionality
[INFO ] 2024-04-15 15:35:57.579 [main] Log - I am in onStart method Login functionality
[INFO ] 2024-04-15 15:36:01.294 [main] Log - UserInformation test is starting.
[INFO ] 2024-04-15 15:36:06.320 [main] Log - UserInformation test is succeed.
[INFO ] 2024-04-15 15:36:06.326 [main] Log - doLogIn test is starting.
[INFO ] 2024-04-15 15:36:17.781 [main] Log - doLogIn test is failed.
[INFO ] 2024-04-15 15:36:18.091 [main] Log - CustomerInformation test is starting.
[INFO ] 2024-04-15 15:36:28.053 [main] Log - CustomerInformation test is succeed.
[INFO ] 2024-04-15 15:36:28.056 [main] Log - PlanSelection test is starting.
[INFO ] 2024-04-15 15:37:29.165 [main] Log - PlanSelection test is succeed.
[INFO ] 2024-04-15 15:37:29.167 [main] Log - PlanOverview test is starting.
[INFO ] 2024-04-15 15:37:29.330 [main] Log - PlanOverview test is succeed.
[INFO ] 2024-04-15 15:37:29.333 [main] Log - ApplicationCustomization test is starting.
[INFO ] 2024-04-15 15:37:33.524 [main] Log - ApplicationCustomization test is succeed.
[INFO ] 2024-04-15 15:37:33.527 [main] Log - I am in onFinish method Login functionality
[INFO ] 2024-04-15 15:43:48.019 [main] Log - I am in onStart method Login functionality
[INFO ] 2024-04-15 15:43:51.654 [main] Log - UserInformation test is starting.
[INFO ] 2024-04-15 15:43:56.784 [main] Log - UserInformation test is succeed.
[INFO ] 2024-04-15 15:43:56.791 [main] Log - doLogIn test is starting.
[INFO ] 2024-04-15 15:44:03.586 [main] Log - doLogIn test is failed.
[INFO ] 2024-04-15 15:44:04.005 [main] Log - CustomerInformation test is starting.
[INFO ] 2024-04-15 15:46:02.530 [main] Log - I am in onStart method Login functionality
[INFO ] 2024-04-15 15:46:05.997 [main] Log - UserInformation test is starting.
[INFO ] 2024-04-15 15:46:10.707 [main] Log - UserInformation test is succeed.
[INFO ] 2024-04-15 15:46:10.712 [main] Log - doLogIn test is starting.
[INFO ] 2024-04-15 15:46:22.148 [main] Log - doLogIn test is failed.
[INFO ] 2024-04-15 15:46:22.421 [main] Log - CustomerInformation test is starting.
[INFO ] 2024-04-15 15:46:58.557 [main] Log - CustomerInformation test is succeed.
[INFO ] 2024-04-15 15:46:58.559 [main] Log - PlanSelection test is starting.
[INFO ] 2024-04-15 15:47:59.523 [main] Log - PlanSelection test is succeed.
[INFO ] 2024-04-15 15:47:59.524 [main] Log - PlanOverview test is starting.
[INFO ] 2024-04-15 15:47:59.684 [main] Log - PlanOverview test is succeed.
[INFO ] 2024-04-15 15:47:59.686 [main] Log - ApplicationCustomization test is starting.
[INFO ] 2024-04-15 15:48:03.918 [main] Log - ApplicationCustomization test is succeed.
[INFO ] 2024-04-15 15:48:03.921 [main] Log - I am in onFinish method Login functionality
[INFO ] 2024-04-15 16:02:45.697 [main] Log - I am in onStart method Login functionality
[INFO ] 2024-04-15 16:02:49.726 [main] Log - UserInformation test is starting.
[INFO ] 2024-04-15 16:02:54.512 [main] Log - UserInformation test is succeed.
[INFO ] 2024-04-15 16:02:54.517 [main] Log - doLogIn test is starting.
[INFO ] 2024-04-15 16:03:01.432 [main] Log - doLogIn test is failed.
[INFO ] 2024-04-15 16:03:01.802 [main] Log - CustomerInformation test is starting.
[INFO ] 2024-04-15 16:04:24.810 [main] Log - I am in onStart method Login functionality
[INFO ] 2024-04-15 16:04:47.194 [main] Log - I am in onStart method Login functionality
[INFO ] 2024-04-15 16:04:50.573 [main] Log - UserInformation test is starting.
[INFO ] 2024-04-15 16:04:56.271 [main] Log - UserInformation test is succeed.
[INFO ] 2024-04-15 16:04:56.276 [main] Log - doLogIn test is starting.
[INFO ] 2024-04-15 16:05:07.323 [main] Log - doLogIn test is failed.
[INFO ] 2024-04-15 16:05:07.661 [main] Log - CustomerInformation test is starting.
[INFO ] 2024-04-15 16:05:18.942 [main] Log - CustomerInformation test is succeed.
[INFO ] 2024-04-15 16:05:18.944 [main] Log - PlanSelection test is starting.
[INFO ] 2024-04-15 16:06:20.010 [main] Log - PlanSelection test is succeed.
[INFO ] 2024-04-15 16:06:20.012 [main] Log - PlanOverview test is starting.
[INFO ] 2024-04-15 16:06:20.160 [main] Log - PlanOverview test is succeed.
[INFO ] 2024-04-15 16:06:20.163 [main] Log - ApplicationCustomization test is starting.
[INFO ] 2024-04-15 16:06:24.452 [main] Log - ApplicationCustomization test is succeed.
[INFO ] 2024-04-15 16:06:24.455 [main] Log - I am in onFinish method Login functionality
[INFO ] 2024-04-15 16:51:08.811 [main] Log - I am in onStart method Login functionality
[INFO ] 2024-04-15 16:51:12.314 [main] Log - UserInformation test is starting.
[INFO ] 2024-04-15 16:51:17.183 [main] Log - UserInformation test is succeed.
[INFO ] 2024-04-15 16:51:17.190 [main] Log - doLogIn test is starting.
[INFO ] 2024-04-15 16:51:21.659 [main] Log - doLogIn test is failed.
[INFO ] 2024-04-15 16:51:22.305 [main] Log - doLogIn test is failed.
[INFO ] 2024-04-15 16:51:22.333 [main] Log - I am in onFinish method Login functionality
[INFO ] 2024-04-15 16:51:38.340 [main] Log - I am in onStart method Login functionality
[INFO ] 2024-04-15 16:51:42.190 [main] Log - UserInformation test is starting.
[INFO ] 2024-04-15 16:51:47.662 [main] Log - UserInformation test is succeed.
[INFO ] 2024-04-15 16:51:47.667 [main] Log - doLogIn test is starting.
[INFO ] 2024-04-15 16:52:00.703 [main] Log - doLogIn test is failed.
[INFO ] 2024-04-15 16:52:01.067 [main] Log - CustomerInformation test is starting.
[INFO ] 2024-04-15 16:52:11.650 [main] Log - CustomerInformation test is succeed.
[INFO ] 2024-04-15 16:52:11.652 [main] Log - PlanSelection test is starting.
[INFO ] 2024-04-15 16:53:12.463 [main] Log - PlanSelection test is succeed.
[INFO ] 2024-04-15 16:53:12.465 [main] Log - PlanOverview test is starting.
[INFO ] 2024-04-15 16:53:12.644 [main] Log - PlanOverview test is succeed.
[INFO ] 2024-04-15 16:53:12.647 [main] Log - ApplicationCustomization test is starting.
[INFO ] 2024-04-15 16:53:16.996 [main] Log - ApplicationCustomization test is succeed.
[INFO ] 2024-04-15 16:53:17.001 [main] Log - I am in onFinish method Login functionality
[INFO ] 2024-04-15 16:53:17.632 [main] Log - I am in onStart method Login functionality
[INFO ] 2024-04-15 16:53:17.635 [main] Log - Login test is starting.
[INFO ] 2024-04-15 16:54:02.492 [main] Log - I am in onStart method Login functionality
[INFO ] 2024-04-15 16:54:05.943 [main] Log - UserInformation test is starting.
[INFO ] 2024-04-15 16:54:11.114 [main] Log - UserInformation test is succeed.
[INFO ] 2024-04-15 16:54:11.119 [main] Log - doLogIn test is starting.
[INFO ] 2024-04-15 16:54:17.868 [main] Log - doLogIn test is failed.
[INFO ] 2024-04-15 16:54:18.258 [main] Log - CustomerInformation test is starting.
[INFO ] 2024-04-15 16:54:43.506 [main] Log - I am in onStart method Login functionality
[INFO ] 2024-04-15 16:54:47.044 [main] Log - UserInformation test is starting.
[INFO ] 2024-04-15 16:54:51.651 [main] Log - UserInformation test is succeed.
[INFO ] 2024-04-15 16:54:51.657 [main] Log - doLogIn test is starting.
[INFO ] 2024-04-15 16:55:05.790 [main] Log - doLogIn test is failed.
[INFO ] 2024-04-15 16:55:06.097 [main] Log - CustomerInformation test is starting.
[INFO ] 2024-04-15 16:55:27.602 [main] Log - CustomerInformation test is failed.
[INFO ] 2024-04-15 16:55:27.999 [main] Log - PlanSelection test is starting.
[INFO ] 2024-04-15 16:56:29.279 [main] Log - PlanSelection test is succeed.
[INFO ] 2024-04-15 16:56:29.285 [main] Log - PlanOverview test is starting.
[INFO ] 2024-04-15 16:56:29.701 [main] Log - PlanOverview test is succeed.
[INFO ] 2024-04-15 16:56:29.704 [main] Log - ApplicationCustomization test is starting.
[INFO ] 2024-04-15 16:57:29.813 [main] Log - ApplicationCustomization test is failed.
[INFO ] 2024-04-15 16:57:30.303 [main] Log - I am in onFinish method Login functionality
[INFO ] 2024-04-15 16:57:31.220 [main] Log - I am in onStart method Login functionality
[INFO ] 2024-04-15 16:57:31.224 [main] Log - Login test is starting.
[INFO ] 2024-04-15 16:57:34.841 [main] Log - Login test is succeed.
[INFO ] 2024-04-15 16:57:34.842 [main] Log - I am in onFinish method Login functionality
